<?xml version="1.0" encoding="UTF-8"?>
<!-- Generated by org.testng.reporters.JUnitReportReporter -->
<testsuite hostname="DESKTOP-KVPUDNO" failures="0" tests="1" name="demoautomation.RunnerClass" time="5.765" errors="0" timestamp="2024-01-05T09:43:10 IST" skipped="0">
  <testcase classname="demoautomation.RunnerClass" name="execution" time="5.765"/>
</testsuite> <!-- demoautomation.RunnerClass -->
